<?xml version="1.0" encoding="UTF-8"?>
<!-- Generated by org.testng.reporters.JUnitReportReporter -->
<testsuite skipped="0" hostname="admin-PC" name="stepdefination.Cricbuz" tests="1" failures="0" timestamp="04 Jul 2019 10:41:46 GMT" time="0.015" errors="0">
  <testcase name="feature" time="0.015" classname="stepdefination.Cricbuz"/>
</testsuite> <!-- stepdefination.Cricbuz -->
