<?xml version="1.0" encoding="UTF-8"?>
<!-- Generated by org.testng.reporters.JUnitReportReporter -->
<testsuite skipped="0" hostname="admin-PC" name="cricbuzzrunner.Runner" tests="1" failures="0" timestamp="04 Jul 2019 11:23:20 GMT" time="0.016" errors="0">
  <testcase name="feature" time="0.016" classname="cricbuzzrunner.Runner"/>
</testsuite> <!-- cricbuzzrunner.Runner -->
